<?xml version="1.0" encoding="UTF-8"?>
<!-- Generated by org.testng.reporters.JUnitXMLReporter -->
<testsuite ignored="0" hostname="DESKTOP-RPIGOGL" failures="0" tests="6" name="Test" time="151.925" errors="0" timestamp="30 Oct 2022 12:21:34 GMT">
  <testcase classname="com.facebook.stepdefaniton.SmartWatches" name="method1" time="14.326"/>
  <testcase classname="com.facebook.stepdefaniton.Screenshot" name="method1" time="16.717"/>
  <testcase classname="com.facebook.stepdefaniton.Screenshot" name="method2" time="26.042"/>
  <testcase classname="com.facebook.stepdefaniton.SmartWatches" name="method2" time="26.06"/>
  <testcase classname="com.facebook.stepdefaniton.Screenshot" name="method3" time="6.335"/>
  <testcase classname="com.facebook.stepdefaniton.SmartWatches" name="method3" time="6.501"/>
</testsuite> <!-- Test -->
